<?xml version="1.0" encoding="UTF-8"?>
<!-- Generated by org.testng.reporters.JUnitReportReporter -->
<testsuite name="sample.Sumvalidation" tests="1" time="1.622" ignored="0" failures="0" timestamp="29 Mar 2020 07:04:21 GMT" skipped="0" hostname="Vigneshwaran" errors="0">
  <testcase name="SumOfCourses" time="1.622" classname="sample.Sumvalidation"/>
</testsuite> <!-- sample.Sumvalidation -->
