<?xml version="1.0" encoding="UTF-8"?>
<!-- Generated by org.testng.reporters.JUnitReportReporter -->
<testsuite name="file.DynamicJson" tests="3" time="4.924" ignored="0" failures="0" timestamp="29 Mar 2020 13:44:21 GMT" skipped="0" hostname="Vigneshwaran" errors="0">
  <testcase name="addBook" time="0.211" classname="file.DynamicJson"/>
  <testcase name="addBook" time="4.552" classname="file.DynamicJson"/>
  <testcase name="addBook" time="0.161" classname="file.DynamicJson"/>
</testsuite> <!-- file.DynamicJson -->
