<?xml version="1.0" encoding="UTF-8"?>
<!-- Generated by org.testng.reporters.JUnitReportReporter -->
<testsuite name="sample.StaticJson" tests="1" time="4.345" ignored="0" failures="0" timestamp="29 Mar 2020 13:57:49 GMT" skipped="0" hostname="Vigneshwaran" errors="0">
  <testcase name="addBook" time="4.345" classname="sample.StaticJson"/>
</testsuite> <!-- sample.StaticJson -->
