<?xml version="1.0" encoding="UTF-8"?>
<!-- Generated by org.testng.reporters.JUnitReportReporter -->
<testsuite name="test.basic_1" tests="6" time="0.055" ignored="3" failures="0" timestamp="25 Jan 2020 09:26:49 GMT" skipped="0" hostname="Vigneshwaran" errors="0">
  <testcase name="run" time="0.015" classname="test.basic_1"/>
  <testcase name="run" time="0.011" classname="test.basic_1"/>
  <testcase name="run" time="0.013" classname="test.basic_1"/>
  <testcase name="run2" time="0.003" classname="test.basic_1"/>
  <testcase name="run2" time="0.007" classname="test.basic_1"/>
  <testcase name="run2" time="0.006" classname="test.basic_1"/>
  <testcase name="mike2" classname="test.basic_3">
    <skipped/>
  </testcase> <!-- mike2 -->
  <testcase name="mike2" classname="test.basic_3">
    <skipped/>
  </testcase> <!-- mike2 -->
  <testcase name="mike2" classname="test.basic_3">
    <skipped/>
  </testcase> <!-- mike2 -->
</testsuite> <!-- test.basic_1 -->
