<?xml version="1.0" encoding="UTF-8"?>
<!-- Generated by org.testng.reporters.JUnitReportReporter -->
<testsuite name="test.basic_dataprovider" tests="9" time="0.028" ignored="3" failures="0" timestamp="25 Jan 2020 09:26:49 GMT" skipped="0" hostname="Vigneshwaran" errors="0">
  <testcase name="datasetter" time="0.003" classname="test.basic_dataprovider"/>
  <testcase name="datasetter" time="0.002" classname="test.basic_dataprovider"/>
  <testcase name="datasetter" time="0.003" classname="test.basic_dataprovider"/>
  <testcase name="datasetter" time="0.002" classname="test.basic_dataprovider"/>
  <testcase name="datasetter" time="0.003" classname="test.basic_dataprovider"/>
  <testcase name="datasetter" time="0.004" classname="test.basic_dataprovider"/>
  <testcase name="datasetter" time="0.004" classname="test.basic_dataprovider"/>
  <testcase name="datasetter" time="0.002" classname="test.basic_dataprovider"/>
  <testcase name="datasetter" time="0.005" classname="test.basic_dataprovider"/>
  <testcase name="mike2" classname="test.basic_3">
    <skipped/>
  </testcase> <!-- mike2 -->
  <testcase name="mike2" classname="test.basic_3">
    <skipped/>
  </testcase> <!-- mike2 -->
  <testcase name="mike2" classname="test.basic_3">
    <skipped/>
  </testcase> <!-- mike2 -->
</testsuite> <!-- test.basic_dataprovider -->
