<?xml version="1.0" encoding="UTF-8"?>
<!-- Generated by org.testng.reporters.JUnitReportReporter -->
<testsuite name="test.basic_2" tests="12" time="0.054" ignored="3" failures="0" timestamp="25 Jan 2020 09:26:49 GMT" skipped="0" hostname="Vigneshwaran" errors="0">
  <testcase name="run3" time="0.002" classname="test.basic_2"/>
  <testcase name="paravalue" time="0.004" classname="test.basic_2"/>
  <testcase name="paravalue" time="0.006" classname="test.basic_2"/>
  <testcase name="run3" time="0.004" classname="test.basic_2"/>
  <testcase name="run" time="0.009" classname="test.basic_2"/>
  <testcase name="run3" time="0.002" classname="test.basic_2"/>
  <testcase name="run2" time="0.002" classname="test.basic_2"/>
  <testcase name="run2" time="0.003" classname="test.basic_2"/>
  <testcase name="run" time="0.009" classname="test.basic_2"/>
  <testcase name="run" time="0.003" classname="test.basic_2"/>
  <testcase name="run2" time="0.004" classname="test.basic_2"/>
  <testcase name="paravalue" time="0.006" classname="test.basic_2"/>
  <testcase name="mike2" classname="test.basic_3">
    <skipped/>
  </testcase> <!-- mike2 -->
  <testcase name="mike2" classname="test.basic_3">
    <skipped/>
  </testcase> <!-- mike2 -->
  <testcase name="mike2" classname="test.basic_3">
    <skipped/>
  </testcase> <!-- mike2 -->
</testsuite> <!-- test.basic_2 -->
