<?xml version="1.0" encoding="UTF-8"?>
<!-- Generated by org.testng.reporters.JUnitReportReporter -->
<testsuite name="test.basic_3" tests="6" time="0.018" ignored="3" failures="0" timestamp="25 Jan 2020 09:26:49 GMT" skipped="0" hostname="Vigneshwaran" errors="0">
  <testcase name="mike3" time="0.002" classname="test.basic_3"/>
  <testcase name="mike" time="0.001" classname="test.basic_3"/>
  <testcase name="mike" time="0.002" classname="test.basic_3"/>
  <testcase name="mike3" time="0.009" classname="test.basic_3"/>
  <testcase name="mike" time="0.002" classname="test.basic_3"/>
  <testcase name="mike3" time="0.002" classname="test.basic_3"/>
  <testcase name="mike2" classname="test.basic_3">
    <skipped/>
  </testcase> <!-- mike2 -->
  <testcase name="mike2" classname="test.basic_3">
    <skipped/>
  </testcase> <!-- mike2 -->
  <testcase name="mike2" classname="test.basic_3">
    <skipped/>
  </testcase> <!-- mike2 -->
</testsuite> <!-- test.basic_3 -->
